build/app/intermediates/aapt_proguard_file/release/aapt_rules.txt
# Referenced at merged_manifests/release/AndroidManifest.xml:23
-keep class androidx.core.app.CoreComponentFactory { <init>(); }
# Referenced at merged_manifests/release/AndroidManifest.xml:76
-keep class com.google.android.gms.common.api.GoogleApiActivity { <init>(); }
# Referenced at merged_manifests/release/AndroidManifest.xml:70
-keep class com.lyokone.location.FlutterLocationService { <init>(); }
# Referenced at merged_manifests/release/AndroidManifest.xml:28
-keep class com.weather.weatherApp.MainActivity { <init>(); }
# Referenced at merged_manifests/release/AndroidManifest.xml:23
-keep class io.flutter.app.FlutterApplication { <init>(); }