build/app/outputs/mapping/release/seeds.txt
com.google.android.gms.signin.internal.zah: android.os.Parcelable$Creator CREATOR
io.flutter.embedding.engine.FlutterJNI: void loadDartDeferredLibrary(int,java.lang.String[])
androidx.lifecycle.Lifecycle$State: androidx.lifecycle.Lifecycle$State[] values()
io.flutter.embedding.engine.FlutterJNI: java.lang.String observatoryUri
com.google.android.gms.common.api.GoogleApiActivity: GoogleApiActivity()
androidx.lifecycle.Lifecycle$Event: androidx.lifecycle.Lifecycle$Event ON_DESTROY
io.flutter.view.AccessibilityViewEmbedder: boolean onAccessibilityHoverEvent(int,android.view.MotionEvent)
io.flutter.embedding.engine.FlutterJNI: float refreshRateFPS
io.flutter.plugin.platform.SingleViewPresentation: android.view.View$OnFocusChangeListener focusChangeListener
io.flutter.embedding.engine.FlutterJNI: void nativeUpdateJavaAssetManager(long,android.content.res.AssetManager,java.lang.String)
io.flutter.embedding.engine.FlutterJNI: boolean nativeGetIsSoftwareRenderingEnabled()
androidx.core.R$id: int accessibility_custom_action_8
androidx.core.R$id: int tag_accessibility_pane_title
android.support.v4.app.RemoteActionCompatParcelizer: androidx.core.app.RemoteActionCompat read(androidx.versionedparcelable.VersionedParcel)
io.flutter.embedding.engine.FlutterJNI: void loadLibrary()
io.flutter.plugin.editing.ImeSyncDeferringInsetsCallback: int access$100(io.flutter.plugin.editing.ImeSyncDeferringInsetsCallback)
androidx.core.app.RemoteActionCompatParcelizer: void write(androidx.core.app.RemoteActionCompat,androidx.versionedparcelable.VersionedParcel)
io.flutter.embedding.engine.systemchannels.PlatformChannel$HapticFeedbackType: io.flutter.embedding.engine.systemchannels.PlatformChannel$HapticFeedbackType[] values()
androidx.core.R$id: int tag_accessibility_heading
android.support.v4.media.session.ParcelableVolumeInfo
com.lyokone.location.FlutterLocationService: FlutterLocationService()
androidx.core.R$id: int normal
io.flutter.embedding.engine.FlutterJNI: io.flutter.embedding.engine.FlutterJNI spawn(java.lang.String,java.lang.String)
androidx.lifecycle.ReportFragment$LifecycleCallbacks: void onActivityStarted(android.app.Activity)
io.flutter.embedding.engine.FlutterJNI: void updateJavaAssetManager(android.content.res.AssetManager,java.lang.String)
androidx.lifecycle.Lifecycle$Event: androidx.lifecycle.Lifecycle$Event ON_CREATE
androidx.media.AudioAttributesImplApi21Parcelizer: androidx.media.AudioAttributesImplApi21 read(androidx.versionedparcelable.VersionedParcel)
io.flutter.plugin.editing.TextInputPlugin$InputTarget$Type: io.flutter.plugin.editing.TextInputPlugin$InputTarget$Type[] values()
io.flutter.embedding.engine.FlutterJNI: java.util.Set engineLifecycleListeners
com.google.android.gms.internal.location.zzad: android.os.Parcelable$Creator CREATOR
androidx.core.R$id: int tag_screen_reader_focusable
io.flutter.embedding.engine.FlutterJNI: boolean setRefreshRateFPSCalled
com.weather.weatherApp.MainActivity: MainActivity()
io.flutter.plugin.platform.SingleViewPresentation: io.flutter.plugin.platform.AccessibilityEventsDelegate accessibilityEventsDelegate
androidx.lifecycle.CompositeGeneratedAdaptersObserver
io.flutter.embedding.engine.FlutterOverlaySurface: FlutterOverlaySurface(int,android.view.Surface)
androidx.core.app.RemoteActionCompatParcelizer: RemoteActionCompatParcelizer()
androidx.versionedparcelable.ParcelImpl: android.os.Parcelable$Creator CREATOR
androidx.lifecycle.Lifecycle$Event: androidx.lifecycle.Lifecycle$Event valueOf(java.lang.String)
com.google.android.gms.base.R$drawable: int common_google_signin_btn_text_light_normal
io.flutter.view.FlutterCallbackInformation: java.lang.String callbackClassName
androidx.core.R$id: int actions
io.flutter.embedding.engine.FlutterJNI: void attachToNative(boolean)
androidx.core.R$id: int tag_unhandled_key_listeners
io.flutter.embedding.engine.FlutterJNI: void nativeDeferredComponentInstallFailure(int,java.lang.String,boolean)