build/app/outputs/mapping/release/usage.txt
androidx.core.content.pm.ActivityInfoCompat
org.intellij.lang.annotations.MagicConstant
androidx.core.view.GestureDetectorCompat
javax.annotation.MatchesPattern
androidx.core.app.Person
kotlin.text.StringsKt___StringsJvmKt
com.google.android.gms.common.internal.service.zal
com.google.common.util.concurrent.ServiceManager$NoOpService
androidx.slidingpanelayout.R$attr
com.google.common.collect.ForwardingNavigableMap$StandardDescendingMap$1
kotlin.internal.PlatformImplementationsKt
com.google.common.reflect.Types$ClassOwnership$2
com.google.common.util.concurrent.TrustedListenableFutureTask$TrustedFutureInterruptibleTask
com.google.common.cache.CacheLoader
androidx.annotation.ArrayRes
com.google.common.util.concurrent.Callables$1
androidx.annotation.StyleRes
com.google.common.eventbus.Dispatcher$PerThreadQueuedDispatcher$2
androidx.core.content.MimeTypeFilter
com.google.common.util.concurrent.CycleDetectingLockFactory$Policies
androidx.core.app.NotificationCompat$NotificationVisibility
com.google.android.gms.tasks.zzo
com.google.common.base.package-info
kotlin.jvm.internal.FunctionAdapter
androidx.core.content.res.TypedArrayKt
com.google.common.io.BaseEncoding$StandardBaseEncoding$1
com.google.common.collect.MapMakerInternalMap$Values
com.google.android.gms.common.api.internal.IStatusCallback$Stub$zaa
com.google.common.collect.Synchronized$SynchronizedObject
androidx.core.view.VelocityTrackerCompat
kotlin.math.UMathKt
kotlin.sequences.SequencesKt___SequencesKt$zipWithNext$2
com.google.common.base.CharMatcher$Or
kotlin.sequences.SequencesKt__SequencesKt$flatMapIndexed$1
androidx.core.text.PrecomputedTextCompat$PrecomputedTextFutureTask$PrecomputedTextCallback
com.google.common.collect.ForwardingNavigableSet$StandardDescendingSet
kotlin.Experimental$Level
kotlin.collections.UArraySortingKt
com.google.common.util.concurrent.Striped$1
com.google.common.collect.Maps$FilteredEntrySortedMap$SortedKeySet
com.google.common.collect.AbstractSortedMultiset
androidx.core.view.accessibility.AccessibilityManagerCompat$AccessibilityStateChangeListenerCompat
androidx.print.PrintHelper$PrintUriAdapter$1$1
androidx.core.animation.AnimatorKt$doOnResume$$inlined$addPauseListener$1
androidx.slidingpanelayout.R
com.google.common.collect.EmptyImmutableListMultimap
com.google.common.collect.Maps$TransformedEntriesNavigableMap
kotlin.collections.unsigned.UArraysKt
kotlin.sequences.SequencesKt___SequencesKt$flatMap$1
androidx.viewpager.R$drawable
javax.annotation.concurrent.NotThreadSafe
com.google.common.collect.FilteredKeyMultimap
androidx.core.R$color
com.google.common.cache.RemovalCause$1
com.google.android.gms.common.api.BooleanResult
androidx.core.view.GestureDetectorCompat$GestureDetectorCompatImplBase$GestureHandler
kotlin.collections.IndexedValue
com.google.common.util.concurrent.ExecutionList$RunnableExecutorPair
android.support.v4.media.session.MediaSessionCompat$MediaSessionImplBase$MediaSessionStub
kotlin.concurrent.ThreadsKt$thread$thread$1
kotlin.UShortArray
kotlin.concurrent.TimersKt$timerTask$1
kotlin.ranges.UIntProgression$Companion
androidx.core.util.SparseArrayKt
kotlin.collections.ArraysKt___ArraysJvmKt$asList$6
com.google.android.gms.common.api.ApiException:
    public java.lang.String getStatusMessage()
com.google.common.util.concurrent.SimpleTimeLimiter$1$1
kotlin.collections.SetsKt__SetsKt
com.google.common.base.Functions$ToStringFunction
kotlin.UInt
com.google.common.graph.Traverser$TreeTraverser$DepthFirstPostOrderIterator$NodeAndChildren
kotlin.text.CharCategory
kotlin.io.FilesKt__FilePathComponentsKt
com.google.common.util.concurrent.RateLimiter
com.google.common.base.CharMatcher$Digit
androidx.core.text.util.LinkifyCompat$LinkSpec
kotlin.text.RegexKt
androidx.core.app.NotificationCompat$WearableExtender
com.google.common.math.PairedStatsAccumulator
kotlin.collections.ArraysKt___ArraysKt$asSequence$$inlined$Sequence$5
com.google.common.collect.RegularContiguousSet$2
kotlin.jvm.functions.Function19
androidx.annotation.BoolRes